<?xml version="1.0" encoding="UTF-8"?>
<testsuite name="RestAssuredLearning"
           tests="2"
           failures="0"
           errors="0"
           skipped="0"
           time="3.404">
    <properties></properties>



            <testcase
                name="getRequestBDDStyle"
                time="2.289"
                classname="ex_22062024.CRUD.GET.BDDStyle.lab94">
            </testcase>
            <testcase
                name="getRequestBDDStyle2"
                time="1.115"
                classname="ex_22062024.CRUD.GET.BDDStyle.lab94">
            </testcase>
</testsuite>
